<?xml version="1.0" encoding="UTF-8"?>
<!-- Generated by org.testng.reporters.JUnitXMLReporter -->
<testsuite hostname="SSL247DEV004" ignored="5" name="Default test" tests="1" failures="0" timestamp="26 May 2017 12:58:36 GMT" time="42.216" errors="0">
  <testcase name="Ask_a_question" time="7.159" classname="Sanity_Test.New_User"/>
  <testcase name="Request_a_Bronchure" time="0.0" classname="Sanity_Test.New_User">
    <ignored/>
  </testcase> <!-- Request_a_Bronchure -->
  <testcase name="Log_Out_New_User" time="0.0" classname="Sanity_Test.New_User">
    <ignored/>
  </testcase> <!-- Log_Out_New_User -->
  <testcase name="Get_in_Touch" time="0.0" classname="Sanity_Test.New_User">
    <ignored/>
  </testcase> <!-- Get_in_Touch -->
  <testcase name="User_Registration" time="0.0" classname="Sanity_Test.New_User">
    <ignored/>
  </testcase> <!-- User_Registration -->
  <testcase name="Request_a_PenTest_Proposal" time="0.0" classname="Sanity_Test.New_User">
    <ignored/>
  </testcase> <!-- Request_a_PenTest_Proposal -->
</testsuite> <!-- Default test -->
