<?xml version="1.0" encoding="UTF-8"?>
<!-- Generated by org.testng.reporters.JUnitXMLReporter -->
<testsuite hostname="SSL247DEV004" ignored="0" name="Test 1" tests="4" failures="0" timestamp="26 May 2017 13:04:04 GMT" time="299.63" errors="0">
  <testcase name="Create_Proposal" time="84.726" classname="Sanity_Test.Admin_User"/>
  <testcase name="Edit_Account_User" time="29.902" classname="Sanity_Test.Admin_User"/>
  <testcase name="Send_Change_Password_Request_Email" time="28.583" classname="Sanity_Test.Admin_User"/>
  <testcase name="Send_Fulfillment_Email" time="32.704" classname="Sanity_Test.Admin_User"/>
</testsuite> <!-- Test 1 -->
