<?xml version="1.0" encoding="UTF-8"?>
<!-- Generated by org.testng.reporters.JUnitXMLReporter -->
<testsuite hostname="SSL247DEV004" ignored="0" name="Test 2" tests="4" failures="0" timestamp="26 May 2017 13:10:42 GMT" time="398.841" errors="0">
  <testcase name="Order_RapidSSL" time="128.618" classname="Sanity_Test.Registered_User"/>
  <testcase name="Create_User" time="17.23" classname="Sanity_Test.Registered_User"/>
  <testcase name="Edit_User" time="45.842" classname="Sanity_Test.Registered_User"/>
  <testcase name="Domain_Name_Ordering" time="64.869" classname="Sanity_Test.Registered_User"/>
</testsuite> <!-- Test 2 -->
