<?xml version="1.0" encoding="UTF-8"?>
<!-- Generated by org.testng.reporters.JUnitXMLReporter -->
<testsuite hostname="SSL247DEV004" ignored="0" name="Test 4" tests="3" failures="0" timestamp="26 May 2017 13:13:10 GMT" time="1.631" errors="0">
  <testcase name="SQL_DeleteAccount" time="0.544" classname="Sanity_Test.SQL_Queries"/>
  <testcase name="SQL_DeleteUser" time="0.289" classname="Sanity_Test.SQL_Queries"/>
  <testcase name="SQL_Certificate_Order" time="0.793" classname="Sanity_Test.SQL_Queries"/>
</testsuite> <!-- Test 4 -->
