<?xml version="1.0" encoding="UTF-8"?>
<!-- Generated by org.testng.reporters.JUnitXMLReporter -->
<testsuite hostname="SSL247DEV004" ignored="0" name="Test 3" tests="6" failures="0" timestamp="26 May 2017 13:13:08 GMT" time="145.608" errors="0">
  <testcase name="User_Registration" time="29.349" classname="Sanity_Test.New_User"/>
  <testcase name="Log_Out_New_User" time="3.284" classname="Sanity_Test.New_User"/>
  <testcase name="Get_in_Touch" time="14.112" classname="Sanity_Test.New_User"/>
  <testcase name="Ask_a_question" time="8.082" classname="Sanity_Test.New_User"/>
  <testcase name="Request_a_Bronchure" time="7.4" classname="Sanity_Test.New_User"/>
  <testcase name="Request_a_PenTest_Proposal" time="7.063" classname="Sanity_Test.New_User"/>
</testsuite> <!-- Test 3 -->
